TN:
SF:src/app/controllers/UserController.js
FN:4,(anonymous_0)
FN:13,(anonymous_1)
FN:25,(anonymous_2)
FN:56,(anonymous_3)
FN:84,(anonymous_4)
FN:108,(anonymous_5)
FNF:6
FNH:4
FNDA:1,(anonymous_0)
FNDA:0,(anonymous_1)
FNDA:1,(anonymous_2)
FNDA:1,(anonymous_3)
FNDA:0,(anonymous_4)
FNDA:1,(anonymous_5)
DA:1,1
DA:5,1
DA:6,1
DA:8,1
DA:14,0
DA:15,0
DA:17,0
DA:18,0
DA:21,0
DA:22,0
DA:28,1
DA:30,1
DA:31,0
DA:34,1
DA:36,1
DA:37,0
DA:40,1
DA:41,0
DA:44,1
DA:45,0
DA:48,1
DA:52,1
DA:59,1
DA:63,1
DA:64,0
DA:67,1
DA:68,1
DA:69,0
DA:72,1
DA:73,0
DA:76,1
DA:77,1
DA:80,0
DA:87,0
DA:89,0
DA:90,0
DA:91,0
DA:94,0
DA:95,0
DA:96,0
DA:99,0
DA:103,0
DA:104,0
DA:105,0
DA:109,1
DA:111,1
DA:113,1
DA:118,1
LF:48
LH:23
BRDA:17,0,0,0
BRDA:17,0,1,0
BRDA:30,1,0,0
BRDA:30,1,1,1
BRDA:36,2,0,0
BRDA:36,2,1,1
BRDA:40,3,0,0
BRDA:40,3,1,1
BRDA:44,4,0,0
BRDA:44,4,1,1
BRDA:63,5,0,0
BRDA:63,5,1,1
BRDA:68,6,0,0
BRDA:68,6,1,1
BRDA:72,7,0,0
BRDA:72,7,1,1
BRDA:76,8,0,1
BRDA:76,8,1,0
BRDA:90,9,0,0
BRDA:90,9,1,0
BRDA:94,10,0,0
BRDA:94,10,1,0
BRDA:96,11,0,0
BRDA:96,11,1,0
BRF:24
BRH:8
end_of_record
TN:
SF:src/app/repositories/UsersRepository.js
FN:4,(anonymous_0)
FN:7,(anonymous_1)
FN:10,(anonymous_2)
FN:15,(anonymous_3)
FN:27,(anonymous_4)
FN:39,(anonymous_5)
FNF:6
FNH:5
FNDA:1,(anonymous_0)
FNDA:1,(anonymous_1)
FNDA:2,(anonymous_2)
FNDA:1,(anonymous_3)
FNDA:0,(anonymous_4)
FNDA:1,(anonymous_5)
DA:1,1
DA:5,1
DA:6,1
DA:7,1
DA:11,2
DA:12,2
DA:18,1
DA:24,1
DA:30,0
DA:36,0
DA:40,1
DA:41,1
DA:45,1
LF:13
LH:11
BRDA:4,0,0,0
BRDA:5,1,0,0
BRDA:5,1,1,1
BRF:3
BRH:1
end_of_record
TN:
SF:src/database/index.js
FN:12,(anonymous_0)
FNF:1
FNH:1
FNDA:5,(anonymous_0)
DA:1,1
DA:3,1
DA:10,1
DA:12,1
DA:13,5
DA:14,5
LF:6
LH:6
BRF:0
BRH:0
end_of_record
